<?xml version="1.0" encoding="UTF-8"?>
<!-- Generated by org.testng.reporters.JUnitReportReporter -->
<testsuite hostname="DESKTOP-BKUCIQL" failures="0" tests="2" name="Practise_Package.SampleTestng3_Test" time="0.004" errors="0" timestamp="2023-01-10T17:19:46 IST" skipped="0">
  <testcase classname="Practise_Package.SampleTestng3_Test" name="sample5" time="0.002"/>
  <system-out/>
  <testcase classname="Practise_Package.SampleTestng3_Test" name="sample6" time="0.002"/>
  <system-out/>
</testsuite> <!-- Practise_Package.SampleTestng3_Test -->
