<?xml version="1.0" encoding="UTF-8"?>
<!-- Generated by org.testng.reporters.JUnitReportReporter -->
<testsuite hostname="DESKTOP-BKUCIQL" failures="0" tests="1" name="Practise_Package.SampleTestng2_Test" time="0.037" errors="0" timestamp="2023-01-10T17:19:46 IST" skipped="0">
  <testcase classname="Practise_Package.SampleTestng2_Test" name="sample3" time="0.037"/>
  <system-out/>
</testsuite> <!-- Practise_Package.SampleTestng2_Test -->
