<?xml version="1.0" encoding="UTF-8"?>
<!-- Generated by org.testng.reporters.JUnitReportReporter -->
<testsuite hostname="DESKTOP-BKUCIQL" failures="0" tests="7" name="Practise_Package.SampleTestng" time="0.047" errors="0" timestamp="2023-01-09T16:52:10 IST" skipped="0">
  <testcase classname="Practise_Package.SampleTestng" name="manageOrder" time="0.006"/>
  <system-out/>
  <testcase classname="Practise_Package.SampleTestng" name="manageProduct" time="0.004"/>
  <system-out/>
  <testcase classname="Practise_Package.SampleTestng" name="createCategory" time="0.016"/>
  <system-out/>
  <testcase classname="Practise_Package.SampleTestng" name="purchaseProduct" time="0.005"/>
  <system-out/>
  <testcase classname="Practise_Package.SampleTestng" name="createdSubCategory" time="0.004"/>
  <system-out/>
  <testcase classname="Practise_Package.SampleTestng" name="createdSubCategory" time="0.006"/>
  <system-out/>
  <testcase classname="Practise_Package.SampleTestng" name="insertCategory" time="0.006"/>
  <system-out/>
</testsuite> <!-- Practise_Package.SampleTestng -->
