<?xml version="1.0" encoding="UTF-8"?>
<!-- Generated by org.testng.reporters.JUnitReportReporter -->
<testsuite hostname="DESKTOP-BKUCIQL" failures="0" tests="6" name="Practise_Package.ReadDataFromDP" time="0.068" errors="0" timestamp="2023-01-09T12:40:30 IST" skipped="0">
  <testcase classname="Practise_Package.ReadDataFromDP" name="readData" time="0.008"/>
  <system-out/>
  <testcase classname="Practise_Package.ReadDataFromDP" name="readData" time="0.008"/>
  <system-out/>
  <testcase classname="Practise_Package.ReadDataFromDP" name="readData" time="0.009"/>
  <system-out/>
  <testcase classname="Practise_Package.ReadDataFromDP" name="readData" time="0.008"/>
  <system-out/>
  <testcase classname="Practise_Package.ReadDataFromDP" name="readData" time="0.005"/>
  <system-out/>
  <testcase classname="Practise_Package.ReadDataFromDP" name="readData" time="0.030"/>
  <system-out/>
</testsuite> <!-- Practise_Package.ReadDataFromDP -->
