<?xml version="1.0" encoding="UTF-8"?>
<!-- Generated by org.testng.reporters.JUnitReportReporter -->
<testsuite hostname="DESKTOP-BKUCIQL" failures="0" tests="2" name="Practise_Package.SampleTestng_1" time="0.002" errors="0" timestamp="2023-01-10T17:19:46 IST" skipped="0">
  <testcase classname="Practise_Package.SampleTestng_1" name="sample1" time="0.001"/>
  <system-out/>
  <testcase classname="Practise_Package.SampleTestng_1" name="sample2" time="0.001"/>
  <system-out/>
</testsuite> <!-- Practise_Package.SampleTestng_1 -->
